<?xml version="1.0" encoding="UTF-8"?>
<testsuite xmlns:xsi="http://www.w3.org/2001/XMLSchema-instance" xsi:noNamespaceSchemaLocation="https://maven.apache.org/surefire/maven-surefire-plugin/xsd/surefire-test-report-3.0.xsd" version="3.0" name="TestSuite" time="9.71" tests="19" errors="0" skipped="0" failures="0">
  <properties>
    <property name="java.specification.version" value="20"/>
    <property name="sun.cpu.isalist" value="amd64"/>
    <property name="sun.jnu.encoding" value="Cp1252"/>
    <property name="java.class.path" value="E:\Escritorio\B.specialist\desafio-profesional\digital_money\testing\sprint_2\test-automation\target\test-classes;E:\Escritorio\B.specialist\desafio-profesional\digital_money\testing\sprint_2\test-automation\target\classes;C:\Users\peper\.m2\repository\org\testng\testng\7.8.0\testng-7.8.0.jar;C:\Users\peper\.m2\repository\org\slf4j\slf4j-api\1.7.36\slf4j-api-1.7.36.jar;C:\Users\peper\.m2\repository\com\beust\jcommander\1.82\jcommander-1.82.jar;C:\Users\peper\.m2\repository\org\webjars\jquery\3.6.1\jquery-3.6.1.jar;C:\Users\peper\.m2\repository\io\rest-assured\rest-assured\5.3.2\rest-assured-5.3.2.jar;C:\Users\peper\.m2\repository\org\apache\groovy\groovy\4.0.11\groovy-4.0.11.jar;C:\Users\peper\.m2\repository\org\apache\groovy\groovy-xml\4.0.11\groovy-xml-4.0.11.jar;C:\Users\peper\.m2\repository\org\apache\httpcomponents\httpclient\4.5.13\httpclient-4.5.13.jar;C:\Users\peper\.m2\repository\org\apache\httpcomponents\httpcore\4.4.13\httpcore-4.4.13.jar;C:\Users\peper\.m2\repository\commons-logging\commons-logging\1.2\commons-logging-1.2.jar;C:\Users\peper\.m2\repository\commons-codec\commons-codec\1.11\commons-codec-1.11.jar;C:\Users\peper\.m2\repository\org\apache\httpcomponents\httpmime\4.5.13\httpmime-4.5.13.jar;C:\Users\peper\.m2\repository\org\hamcrest\hamcrest\2.2\hamcrest-2.2.jar;C:\Users\peper\.m2\repository\org\ccil\cowan\tagsoup\tagsoup\1.2.1\tagsoup-1.2.1.jar;C:\Users\peper\.m2\repository\io\rest-assured\json-path\5.3.2\json-path-5.3.2.jar;C:\Users\peper\.m2\repository\org\apache\groovy\groovy-json\4.0.11\groovy-json-4.0.11.jar;C:\Users\peper\.m2\repository\io\rest-assured\rest-assured-common\5.3.2\rest-assured-common-5.3.2.jar;C:\Users\peper\.m2\repository\io\rest-assured\xml-path\5.3.2\xml-path-5.3.2.jar;C:\Users\peper\.m2\repository\org\apache\commons\commons-lang3\3.11\commons-lang3-3.11.jar;C:\Users\peper\.m2\repository\com\fasterxml\jackson\core\jackson-databind\2.15.2\jackson-databind-2.15.2.jar;C:\Users\peper\.m2\repository\com\fasterxml\jackson\core\jackson-annotations\2.15.2\jackson-annotations-2.15.2.jar;C:\Users\peper\.m2\repository\com\fasterxml\jackson\core\jackson-core\2.15.2\jackson-core-2.15.2.jar;C:\Users\peper\.m2\repository\io\rest-assured\json-schema-validator\5.3.2\json-schema-validator-5.3.2.jar;C:\Users\peper\.m2\repository\com\github\java-json-tools\json-schema-validator\2.2.14\json-schema-validator-2.2.14.jar;C:\Users\peper\.m2\repository\com\github\java-json-tools\jackson-coreutils-equivalence\1.0\jackson-coreutils-equivalence-1.0.jar;C:\Users\peper\.m2\repository\com\github\java-json-tools\jackson-coreutils\2.0\jackson-coreutils-2.0.jar;C:\Users\peper\.m2\repository\com\github\java-json-tools\msg-simple\1.2\msg-simple-1.2.jar;C:\Users\peper\.m2\repository\com\github\java-json-tools\btf\1.3\btf-1.3.jar;C:\Users\peper\.m2\repository\com\github\java-json-tools\json-schema-core\1.2.14\json-schema-core-1.2.14.jar;C:\Users\peper\.m2\repository\com\github\java-json-tools\uri-template\0.10\uri-template-0.10.jar;C:\Users\peper\.m2\repository\org\mozilla\rhino\1.7.7.2\rhino-1.7.7.2.jar;C:\Users\peper\.m2\repository\com\sun\mail\mailapi\1.6.2\mailapi-1.6.2.jar;C:\Users\peper\.m2\repository\joda-time\joda-time\2.10.5\joda-time-2.10.5.jar;C:\Users\peper\.m2\repository\com\googlecode\libphonenumber\libphonenumber\8.11.1\libphonenumber-8.11.1.jar;C:\Users\peper\.m2\repository\com\google\code\findbugs\jsr305\3.0.2\jsr305-3.0.2.jar;C:\Users\peper\.m2\repository\net\sf\jopt-simple\jopt-simple\5.0.4\jopt-simple-5.0.4.jar;C:\Users\peper\.m2\repository\com\google\guava\guava\32.0.1-jre\guava-32.0.1-jre.jar;C:\Users\peper\.m2\repository\com\google\guava\failureaccess\1.0.1\failureaccess-1.0.1.jar;C:\Users\peper\.m2\repository\com\google\guava\listenablefuture\9999.0-empty-to-avoid-conflict-with-guava\listenablefuture-9999.0-empty-to-avoid-conflict-with-guava.jar;C:\Users\peper\.m2\repository\org\checkerframework\checker-qual\3.33.0\checker-qual-3.33.0.jar;C:\Users\peper\.m2\repository\com\google\errorprone\error_prone_annotations\2.18.0\error_prone_annotations-2.18.0.jar;C:\Users\peper\.m2\repository\com\google\j2objc\j2objc-annotations\2.8\j2objc-annotations-2.8.jar;C:\Users\peper\.m2\repository\org\slf4j\slf4j-simple\2.0.7\slf4j-simple-2.0.7.jar;"/>
    <property name="java.vm.vendor" value="Oracle Corporation"/>
    <property name="sun.arch.data.model" value="64"/>
    <property name="user.variant" value=""/>
    <property name="java.vendor.url" value="https://java.oracle.com/"/>
    <property name="user.timezone" value="America/Buenos_Aires"/>
    <property name="os.name" value="Windows 10"/>
    <property name="java.vm.specification.version" value="20"/>
    <property name="sun.java.launcher" value="SUN_STANDARD"/>
    <property name="user.country" value="AR"/>
    <property name="sun.boot.library.path" value="C:\Users\peper\.jdks\openjdk-20.0.2\bin"/>
    <property name="sun.java.command" value="C:\Users\peper\AppData\Local\Temp\surefire17321892793026523601\surefirebooter-20250706195559265_3.jar C:\Users\peper\AppData\Local\Temp\surefire17321892793026523601 2025-07-06T19-55-59_136-jvmRun1 surefire-20250706195559265_1tmp surefire_0-20250706195559265_2tmp"/>
    <property name="jdk.debug" value="release"/>
    <property name="surefire.test.class.path" value="E:\Escritorio\B.specialist\desafio-profesional\digital_money\testing\sprint_2\test-automation\target\test-classes;E:\Escritorio\B.specialist\desafio-profesional\digital_money\testing\sprint_2\test-automation\target\classes;C:\Users\peper\.m2\repository\org\testng\testng\7.8.0\testng-7.8.0.jar;C:\Users\peper\.m2\repository\org\slf4j\slf4j-api\1.7.36\slf4j-api-1.7.36.jar;C:\Users\peper\.m2\repository\com\beust\jcommander\1.82\jcommander-1.82.jar;C:\Users\peper\.m2\repository\org\webjars\jquery\3.6.1\jquery-3.6.1.jar;C:\Users\peper\.m2\repository\io\rest-assured\rest-assured\5.3.2\rest-assured-5.3.2.jar;C:\Users\peper\.m2\repository\org\apache\groovy\groovy\4.0.11\groovy-4.0.11.jar;C:\Users\peper\.m2\repository\org\apache\groovy\groovy-xml\4.0.11\groovy-xml-4.0.11.jar;C:\Users\peper\.m2\repository\org\apache\httpcomponents\httpclient\4.5.13\httpclient-4.5.13.jar;C:\Users\peper\.m2\repository\org\apache\httpcomponents\httpcore\4.4.13\httpcore-4.4.13.jar;C:\Users\peper\.m2\repository\commons-logging\commons-logging\1.2\commons-logging-1.2.jar;C:\Users\peper\.m2\repository\commons-codec\commons-codec\1.11\commons-codec-1.11.jar;C:\Users\peper\.m2\repository\org\apache\httpcomponents\httpmime\4.5.13\httpmime-4.5.13.jar;C:\Users\peper\.m2\repository\org\hamcrest\hamcrest\2.2\hamcrest-2.2.jar;C:\Users\peper\.m2\repository\org\ccil\cowan\tagsoup\tagsoup\1.2.1\tagsoup-1.2.1.jar;C:\Users\peper\.m2\repository\io\rest-assured\json-path\5.3.2\json-path-5.3.2.jar;C:\Users\peper\.m2\repository\org\apache\groovy\groovy-json\4.0.11\groovy-json-4.0.11.jar;C:\Users\peper\.m2\repository\io\rest-assured\rest-assured-common\5.3.2\rest-assured-common-5.3.2.jar;C:\Users\peper\.m2\repository\io\rest-assured\xml-path\5.3.2\xml-path-5.3.2.jar;C:\Users\peper\.m2\repository\org\apache\commons\commons-lang3\3.11\commons-lang3-3.11.jar;C:\Users\peper\.m2\repository\com\fasterxml\jackson\core\jackson-databind\2.15.2\jackson-databind-2.15.2.jar;C:\Users\peper\.m2\repository\com\fasterxml\jackson\core\jackson-annotations\2.15.2\jackson-annotations-2.15.2.jar;C:\Users\peper\.m2\repository\com\fasterxml\jackson\core\jackson-core\2.15.2\jackson-core-2.15.2.jar;C:\Users\peper\.m2\repository\io\rest-assured\json-schema-validator\5.3.2\json-schema-validator-5.3.2.jar;C:\Users\peper\.m2\repository\com\github\java-json-tools\json-schema-validator\2.2.14\json-schema-validator-2.2.14.jar;C:\Users\peper\.m2\repository\com\github\java-json-tools\jackson-coreutils-equivalence\1.0\jackson-coreutils-equivalence-1.0.jar;C:\Users\peper\.m2\repository\com\github\java-json-tools\jackson-coreutils\2.0\jackson-coreutils-2.0.jar;C:\Users\peper\.m2\repository\com\github\java-json-tools\msg-simple\1.2\msg-simple-1.2.jar;C:\Users\peper\.m2\repository\com\github\java-json-tools\btf\1.3\btf-1.3.jar;C:\Users\peper\.m2\repository\com\github\java-json-tools\json-schema-core\1.2.14\json-schema-core-1.2.14.jar;C:\Users\peper\.m2\repository\com\github\java-json-tools\uri-template\0.10\uri-template-0.10.jar;C:\Users\peper\.m2\repository\org\mozilla\rhino\1.7.7.2\rhino-1.7.7.2.jar;C:\Users\peper\.m2\repository\com\sun\mail\mailapi\1.6.2\mailapi-1.6.2.jar;C:\Users\peper\.m2\repository\joda-time\joda-time\2.10.5\joda-time-2.10.5.jar;C:\Users\peper\.m2\repository\com\googlecode\libphonenumber\libphonenumber\8.11.1\libphonenumber-8.11.1.jar;C:\Users\peper\.m2\repository\com\google\code\findbugs\jsr305\3.0.2\jsr305-3.0.2.jar;C:\Users\peper\.m2\repository\net\sf\jopt-simple\jopt-simple\5.0.4\jopt-simple-5.0.4.jar;C:\Users\peper\.m2\repository\com\google\guava\guava\32.0.1-jre\guava-32.0.1-jre.jar;C:\Users\peper\.m2\repository\com\google\guava\failureaccess\1.0.1\failureaccess-1.0.1.jar;C:\Users\peper\.m2\repository\com\google\guava\listenablefuture\9999.0-empty-to-avoid-conflict-with-guava\listenablefuture-9999.0-empty-to-avoid-conflict-with-guava.jar;C:\Users\peper\.m2\repository\org\checkerframework\checker-qual\3.33.0\checker-qual-3.33.0.jar;C:\Users\peper\.m2\repository\com\google\errorprone\error_prone_annotations\2.18.0\error_prone_annotations-2.18.0.jar;C:\Users\peper\.m2\repository\com\google\j2objc\j2objc-annotations\2.8\j2objc-annotations-2.8.jar;C:\Users\peper\.m2\repository\org\slf4j\slf4j-simple\2.0.7\slf4j-simple-2.0.7.jar;"/>
    <property name="sun.cpu.endian" value="little"/>
    <property name="user.home" value="C:\Users\peper"/>
    <property name="user.language" value="es"/>
    <property name="java.specification.vendor" value="Oracle Corporation"/>
    <property name="java.version.date" value="2023-07-18"/>
    <property name="java.home" value="C:\Users\peper\.jdks\openjdk-20.0.2"/>
    <property name="file.separator" value="\"/>
    <property name="basedir" value="E:\Escritorio\B.specialist\desafio-profesional\digital_money\testing\sprint_2\test-automation"/>
    <property name="java.vm.compressedOopsMode" value="Zero based"/>
    <property name="line.separator" value="&#10;"/>
    <property name="java.vm.specification.vendor" value="Oracle Corporation"/>
    <property name="java.specification.name" value="Java Platform API Specification"/>
    <property name="surefire.real.class.path" value="C:\Users\peper\AppData\Local\Temp\surefire17321892793026523601\surefirebooter-20250706195559265_3.jar"/>
    <property name="user.script" value=""/>
    <property name="sun.management.compiler" value="HotSpot 64-Bit Tiered Compilers"/>
    <property name="java.runtime.version" value="20.0.2+9-78"/>
    <property name="user.name" value="Lucho"/>
    <property name="stdout.encoding" value="Cp1252"/>
    <property name="path.separator" value=";"/>
    <property name="os.version" value="10.0"/>
    <property name="java.runtime.name" value="OpenJDK Runtime Environment"/>
    <property name="file.encoding" value="UTF-8"/>
    <property name="java.vm.name" value="OpenJDK 64-Bit Server VM"/>
    <property name="localRepository" value="C:\Users\peper\.m2\repository"/>
    <property name="java.vendor.url.bug" value="https://bugreport.java.com/bugreport/"/>
    <property name="java.io.tmpdir" value="C:\Users\peper\AppData\Local\Temp\"/>
    <property name="idea.version" value="2025.1"/>
    <property name="java.version" value="20.0.2"/>
    <property name="user.dir" value="E:\Escritorio\B.specialist\desafio-profesional\digital_money\testing\sprint_2\test-automation"/>
    <property name="os.arch" value="amd64"/>
    <property name="java.vm.specification.name" value="Java Virtual Machine Specification"/>
    <property name="sun.os.patch.level" value=""/>
    <property name="native.encoding" value="Cp1252"/>
    <property name="java.library.path" value="C:\Users\peper\.jdks\openjdk-20.0.2\bin;C:\Windows\Sun\Java\bin;C:\Windows\system32;C:\Windows;E:\Documentos\Microsoft VS Code\bin;E:\Program Files\nodejs;C:\Program Files\Git\cmd;C:\Program Files\Google\Chrome\\Application\chrome.exe;C:\Users\peper\AppData\Roaming\npm;E:\Program Files\PuTTY\;C:\Windows\System32\cmd.exe;C:\Windows\System32\WindowsPowerShell\v1.0\;C:\windows\system32;C:\Windows;C:\Windows\System32\Wbem;C:\Windows\System32\OpenSSH\;E:\Program Files\nodejs\;E:\Program Files\Amazon\AWSCLIV2\;C:\cygwin64\bin;C:\ProgramData\chocolatey\bin;E:\Program Files\Java\jdk-17\bin;C:\Program Files\Go\bin;C:\Program Files\Docker\Docker\resources\bin;C:\Users\peper\.cargo\bin;C:\Users\peper\AppData\Local\Programs\Python\Python310\Scripts\;C:\Users\peper\AppData\Local\Programs\Python\Python310\;C:\Users\peper\AppData\Local\Microsoft\WindowsApps;E:\Program Files\nodejs;C:\Users\peper\OneDrive;C:\Windows\System32\cmd.exe;E:\Program Files\heroku\bin;C:\windows\system32;C:\Users\peper\go\bin;C:\Program Files\Go\bin;C:\Users\peper\AppData\Roaming\npm;E:\Program Files\Terraform;E:\Program Files\JetBrains\IntelliJ IDEA Community Edition 2023.2.1\bin;C:\cygwin64\bin;E:\Program Files\Java\jdk-17\bin;C:\Users\peper\go\bin;C:\Users\peper\AppData\Local\Programs\Microsoft VS Code\bin;;C:\Program Files\JetBrains\IntelliJ IDEA Community Edition 2025.1\bin;;."/>
    <property name="java.vm.info" value="mixed mode, sharing"/>
    <property name="stderr.encoding" value="Cp1252"/>
    <property name="java.vendor" value="Oracle Corporation"/>
    <property name="java.vm.version" value="20.0.2+9-78"/>
    <property name="sun.io.unicode.encoding" value="UnicodeLittle"/>
    <property name="java.class.version" value="64.0"/>
  </properties>
  <testcase name="testServiceHealthCheck" classname="com.digitalmoney.tests.InfrastructureSmokeTests" time="0.158">
    <system-out><![CDATA[Trying login with email: user@test.com - Status: 200
User ID extracted: 1
]]></system-out>
    <system-err><![CDATA[SLF4J: Failed to load class "org.slf4j.impl.StaticLoggerBinder".
SLF4J: Defaulting to no-operation (NOP) logger implementation
SLF4J: See http://www.slf4j.org/codes.html#StaticLoggerBinder for further details.
]]></system-err>
  </testcase>
  <testcase name="testGatewayRoutingForCardEndpoints" classname="com.digitalmoney.tests.InfrastructureSmokeTests" time="0.012">
    <system-out><![CDATA[Trying login with email: user@test.com - Status: 200
User ID extracted: 1
]]></system-out>
  </testcase>
  <testcase name="testCORSHeaders" classname="com.digitalmoney.tests.InfrastructureSmokeTests" time="0.015">
    <system-out><![CDATA[Trying login with email: user@test.com - Status: 200
User ID extracted: 1
]]></system-out>
  </testcase>
  <testcase name="testEurekaServiceRegistration" classname="com.digitalmoney.tests.InfrastructureSmokeTests" time="0.017">
    <system-out><![CDATA[Trying login with email: user@test.com - Status: 200
User ID extracted: 1
]]></system-out>
  </testcase>
  <testcase name="testGatewayAuthenticationFilter" classname="com.digitalmoney.tests.InfrastructureSmokeTests" time="0.012">
    <system-out><![CDATA[Trying login with email: user@test.com - Status: 200
User ID extracted: 1
]]></system-out>
  </testcase>
  <testcase name="testValidUserLogin" classname="com.digitalmoney.tests.AuthenticationSmokeTests" time="0.271">
    <system-out><![CDATA[Trying login with email: user@test.com - Status: 200
User ID extracted: 1
]]></system-out>
  </testcase>
  <testcase name="testValidTokenValidation" classname="com.digitalmoney.tests.AuthenticationSmokeTests" time="0.338">
    <system-out><![CDATA[Trying login with email: user@test.com - Status: 200
User ID extracted: 1
Trying login with email: user@test.com - Status: 200
User ID extracted: 1
]]></system-out>
  </testcase>
  <testcase name="testValidUserRegistration" classname="com.digitalmoney.tests.AuthenticationSmokeTests" time="0.61">
    <system-out><![CDATA[Trying login with email: user@test.com - Status: 200
User ID extracted: 1
]]></system-out>
  </testcase>
  <testcase name="testInvalidTokenValidation" classname="com.digitalmoney.tests.AuthenticationSmokeTests" time="0.02">
    <system-out><![CDATA[Trying login with email: user@test.com - Status: 200
User ID extracted: 1
]]></system-out>
  </testcase>
  <testcase name="testUpdateUserProfileWithValidData" classname="com.digitalmoney.tests.UserManagementSmokeTests" time="0.668">
    <system-out><![CDATA[Trying login with email: user@test.com - Status: 200
User ID extracted: 1
=== Testing Update User Profile ===
Using userId: 1
Update payload: {
    "firstName": "Updated",
    "lastName": "User",
    "email": "updated@test.com",
    "dni": "87654321",
    "phone": "0987654321"
}

Creating authenticated request with token: eyJhbGciOi...
Update response status: 200
Update response body: {"id":1,"firstName":"Updated","lastName":"User","email":"updated@test.com","dni":"87654321","phone":"0987654321","cvu":"1828142364587587492222","alias":"new.test.alias"}
Update response headers: transfer-encoding=chunked
Vary=Origin
Vary=Access-Control-Request-Method
Vary=Access-Control-Request-Headers
Content-Type=application/json
Date=Sun, 06 Jul 2025 22:56:05 GMT
Creating authenticated request with token: eyJhbGciOi...
Trying login with email: user@test.com - Status: 401
Login failed with original email, trying with updated email...
Trying login with email: updated@test.com - Status: 200
User ID extracted: 1
Creating authenticated request with token: eyJhbGciOi...
]]></system-out>
  </testcase>
  <testcase name="testUpdateAccountAlias" classname="com.digitalmoney.tests.UserManagementSmokeTests" time="0.041">
    <system-out><![CDATA[Trying login with email: user@test.com - Status: 200
User ID extracted: 1
Creating authenticated request with token: eyJhbGciOi...
]]></system-out>
  </testcase>
  <testcase name="testUpdateUserWithInvalidId" classname="com.digitalmoney.tests.UserManagementSmokeTests" time="0.033">
    <system-out><![CDATA[Trying login with email: user@test.com - Status: 200
User ID extracted: 1
Creating authenticated request with token: eyJhbGciOi...
]]></system-out>
  </testcase>
  <testcase name="testUpdateAccountWithInvalidUserId" classname="com.digitalmoney.tests.UserManagementSmokeTests" time="0.035">
    <system-out><![CDATA[Trying login with email: user@test.com - Status: 200
User ID extracted: 1
Creating authenticated request with token: eyJhbGciOi...
]]></system-out>
  </testcase>
  <testcase name="testCreateCardWithValidData" classname="com.digitalmoney.tests.CardManagementSmokeTests" time="0.174">
    <system-out><![CDATA[Trying login with email: user@test.com - Status: 200
User ID extracted: 1
Creating authenticated request with token: eyJhbGciOi...
]]></system-out>
  </testcase>
  <testcase name="testGetCardsByAccountId" classname="com.digitalmoney.tests.CardManagementSmokeTests" time="0.084">
    <system-out><![CDATA[Trying login with email: user@test.com - Status: 200
User ID extracted: 1
Creating authenticated request with token: eyJhbGciOi...
]]></system-out>
  </testcase>
  <testcase name="testGetSpecificCard" classname="com.digitalmoney.tests.CardManagementSmokeTests" time="0.055">
    <system-out><![CDATA[Trying login with email: user@test.com - Status: 200
User ID extracted: 1
Creating authenticated request with token: eyJhbGciOi...
]]></system-out>
  </testcase>
  <testcase name="testDeleteCard" classname="com.digitalmoney.tests.CardManagementSmokeTests" time="0.234">
    <system-out><![CDATA[Trying login with email: user@test.com - Status: 200
User ID extracted: 1
Creating authenticated request with token: eyJhbGciOi...
Creating authenticated request with token: eyJhbGciOi...
]]></system-out>
  </testcase>
  <testcase name="testCreateCardWithInvalidAccountId" classname="com.digitalmoney.tests.CardManagementSmokeTests" time="0.033">
    <system-out><![CDATA[Trying login with email: user@test.com - Status: 200
User ID extracted: 1
Creating authenticated request with token: eyJhbGciOi...
]]></system-out>
  </testcase>
  <testcase name="testGetCardsWithInvalidAccountId" classname="com.digitalmoney.tests.CardManagementSmokeTests" time="0.029">
    <system-out><![CDATA[Trying login with email: user@test.com - Status: 200
User ID extracted: 1
Creating authenticated request with token: eyJhbGciOi...
]]></system-out>
  </testcase>
</testsuite>