<?xml version="1.0" encoding="UTF-8"?>
<!-- Generated by org.testng.reporters.JUnitReportReporter -->
<testsuite hostname="Lucho" failures="0" tests="5" name="com.digitalmoney.tests.InfrastructureSmokeTests" time="2.560" errors="0" timestamp="2025-07-06T19:56:09 ART" skipped="0">
  <testcase classname="com.digitalmoney.tests.InfrastructureSmokeTests" name="testServiceHealthCheck" time="0.444"/>
  <testcase classname="com.digitalmoney.tests.InfrastructureSmokeTests" name="testGatewayRoutingForCardEndpoints" time="0.292"/>
  <testcase classname="com.digitalmoney.tests.InfrastructureSmokeTests" name="testCORSHeaders" time="1.227"/>
  <testcase classname="com.digitalmoney.tests.InfrastructureSmokeTests" name="testEurekaServiceRegistration" time="0.298"/>
  <testcase classname="com.digitalmoney.tests.InfrastructureSmokeTests" name="testGatewayAuthenticationFilter" time="0.299"/>
</testsuite> <!-- com.digitalmoney.tests.InfrastructureSmokeTests -->
