<?xml version="1.0" encoding="UTF-8"?>
<!-- Generated by org.testng.reporters.JUnitReportReporter -->
<testsuite hostname="Lucho" failures="0" tests="4" name="com.digitalmoney.tests.AuthenticationSmokeTests" time="2.342" errors="0" timestamp="2025-07-06T19:56:09 ART" skipped="0">
  <testcase classname="com.digitalmoney.tests.AuthenticationSmokeTests" name="testValidUserLogin" time="0.549"/>
  <testcase classname="com.digitalmoney.tests.AuthenticationSmokeTests" name="testValidTokenValidation" time="0.622"/>
  <testcase classname="com.digitalmoney.tests.AuthenticationSmokeTests" name="testValidUserRegistration" time="0.877"/>
  <testcase classname="com.digitalmoney.tests.AuthenticationSmokeTests" name="testInvalidTokenValidation" time="0.294"/>
</testsuite> <!-- com.digitalmoney.tests.AuthenticationSmokeTests -->
