<?xml version="1.0" encoding="UTF-8"?>
<!-- Generated by org.testng.reporters.JUnitReportReporter -->
<testsuite hostname="Lucho" failures="0" tests="6" name="com.digitalmoney.tests.CardManagementSmokeTests" time="2.261" errors="0" timestamp="2025-07-06T19:56:09 ART" skipped="0">
  <testcase classname="com.digitalmoney.tests.CardManagementSmokeTests" name="testCreateCardWithValidData" time="0.446"/>
  <testcase classname="com.digitalmoney.tests.CardManagementSmokeTests" name="testGetCardsByAccountId" time="0.362"/>
  <testcase classname="com.digitalmoney.tests.CardManagementSmokeTests" name="testGetSpecificCard" time="0.330"/>
  <testcase classname="com.digitalmoney.tests.CardManagementSmokeTests" name="testDeleteCard" time="0.518"/>
  <testcase classname="com.digitalmoney.tests.CardManagementSmokeTests" name="testCreateCardWithInvalidAccountId" time="0.306"/>
  <testcase classname="com.digitalmoney.tests.CardManagementSmokeTests" name="testGetCardsWithInvalidAccountId" time="0.299"/>
</testsuite> <!-- com.digitalmoney.tests.CardManagementSmokeTests -->
