<?xml version="1.0" encoding="UTF-8"?>
<!-- Generated by org.testng.reporters.JUnitReportReporter -->
<testsuite hostname="Lucho" failures="0" tests="4" name="com.digitalmoney.tests.UserManagementSmokeTests" time="1.879" errors="0" timestamp="2025-07-06T19:56:09 ART" skipped="0">
  <testcase classname="com.digitalmoney.tests.UserManagementSmokeTests" name="testUpdateUserProfileWithValidData" time="0.943"/>
  <testcase classname="com.digitalmoney.tests.UserManagementSmokeTests" name="testUpdateAccountAlias" time="0.314"/>
  <testcase classname="com.digitalmoney.tests.UserManagementSmokeTests" name="testUpdateUserWithInvalidId" time="0.314"/>
  <testcase classname="com.digitalmoney.tests.UserManagementSmokeTests" name="testUpdateAccountWithInvalidUserId" time="0.308"/>
</testsuite> <!-- com.digitalmoney.tests.UserManagementSmokeTests -->
